[debug] [2025-09-29T03:40:05.646Z] ----------------------------------------------------------------------
[debug] [2025-09-29T03:40:05.648Z] Command:       C:\Program Files\nodejs\node.exe C:\Users\micha\AppData\Roaming\npm\node_modules\firebase-tools\lib\bin\firebase.js apps:sdkconfig web
[debug] [2025-09-29T03:40:05.649Z] CLI Version:   14.17.0
[debug] [2025-09-29T03:40:05.649Z] Platform:      win32
[debug] [2025-09-29T03:40:05.649Z] Node Version:  v22.14.0
[debug] [2025-09-29T03:40:05.649Z] Time:          Sun Sep 28 2025 23:40:05 GMT-0400 (heure d’été de l’Est nord-américain)
[debug] [2025-09-29T03:40:05.649Z] ----------------------------------------------------------------------
[debug] 
[debug] [2025-09-29T03:40:05.861Z] > command requires scopes: ["email","openid","https://www.googleapis.com/auth/cloudplatformprojects.readonly","https://www.googleapis.com/auth/firebase","https://www.googleapis.com/auth/cloud-platform"]
[debug] [2025-09-29T03:40:05.861Z] > authorizing via signed-in user (heavenkeys2022@gmail.com)
[debug] [2025-09-29T03:40:05.862Z] Checked if tokens are valid: true, expires at: 1759120633416
[debug] [2025-09-29T03:40:05.862Z] Checked if tokens are valid: true, expires at: 1759120633416
[debug] [2025-09-29T03:40:05.863Z] >>> [apiv2][query] GET https://firebase.googleapis.com/v1beta1/projects/heavenkeys-chords-finder/webApps pageSize=100
[debug] [2025-09-29T03:40:06.259Z] <<< [apiv2][status] GET https://firebase.googleapis.com/v1beta1/projects/heavenkeys-chords-finder/webApps 403
[debug] [2025-09-29T03:40:06.259Z] <<< [apiv2][body] GET https://firebase.googleapis.com/v1beta1/projects/heavenkeys-chords-finder/webApps {"error":{"code":403,"message":"The caller does not have permission","status":"PERMISSION_DENIED"}}
[debug] [2025-09-29T03:40:06.260Z] Request to https://firebase.googleapis.com/v1beta1/projects/heavenkeys-chords-finder/webApps?pageSize=100 had HTTP Error: 403, The caller does not have permission
[debug] [2025-09-29T03:40:06.381Z] FirebaseError: Request to https://firebase.googleapis.com/v1beta1/projects/heavenkeys-chords-finder/webApps?pageSize=100 had HTTP Error: 403, The caller does not have permission
    at responseToError (C:\Users\micha\AppData\Roaming\npm\node_modules\firebase-tools\lib\responseToError.js:52:12)
    at RetryOperation._fn (C:\Users\micha\AppData\Roaming\npm\node_modules\firebase-tools\lib\apiv2.js:312:77)
    at process.processTicksAndRejections (node:internal/process/task_queues:105:5)
[error] 
[error] Error: Failed to list Firebase WEB apps. See firebase-debug.log for more info.
[debug] [2025-09-29T03:40:15.487Z] ----------------------------------------------------------------------
[debug] [2025-09-29T03:40:15.490Z] Command:       C:\Program Files\nodejs\node.exe C:\Users\micha\AppData\Roaming\npm\node_modules\firebase-tools\lib\bin\firebase.js apps:create web chords-finder-web
[debug] [2025-09-29T03:40:15.490Z] CLI Version:   14.17.0
[debug] [2025-09-29T03:40:15.492Z] Platform:      win32
[debug] [2025-09-29T03:40:15.492Z] Node Version:  v22.14.0
[debug] [2025-09-29T03:40:15.492Z] Time:          Sun Sep 28 2025 23:40:15 GMT-0400 (heure d’été de l’Est nord-américain)
[debug] [2025-09-29T03:40:15.493Z] ----------------------------------------------------------------------
[debug] 
[debug] [2025-09-29T03:40:15.701Z] > command requires scopes: ["email","openid","https://www.googleapis.com/auth/cloudplatformprojects.readonly","https://www.googleapis.com/auth/firebase","https://www.googleapis.com/auth/cloud-platform"]
[debug] [2025-09-29T03:40:15.701Z] > authorizing via signed-in user (heavenkeys2022@gmail.com)
[info] Create your WEB app in project heavenkeys-chords-finder:
[debug] [2025-09-29T03:40:15.705Z] Checked if tokens are valid: true, expires at: 1759120633416
[debug] [2025-09-29T03:40:15.705Z] Checked if tokens are valid: true, expires at: 1759120633416
[debug] [2025-09-29T03:40:15.706Z] >>> [apiv2][query] POST https://firebase.googleapis.com/v1beta1/projects/heavenkeys-chords-finder/webApps [none]
[debug] [2025-09-29T03:40:15.706Z] >>> [apiv2][body] POST https://firebase.googleapis.com/v1beta1/projects/heavenkeys-chords-finder/webApps {"displayName":"chords-finder-web"}
[debug] [2025-09-29T03:40:16.059Z] <<< [apiv2][status] POST https://firebase.googleapis.com/v1beta1/projects/heavenkeys-chords-finder/webApps 403
[debug] [2025-09-29T03:40:16.059Z] <<< [apiv2][body] POST https://firebase.googleapis.com/v1beta1/projects/heavenkeys-chords-finder/webApps {"error":{"code":403,"message":"The caller does not have permission","status":"PERMISSION_DENIED"}}
[debug] [2025-09-29T03:40:16.060Z] Request to https://firebase.googleapis.com/v1beta1/projects/heavenkeys-chords-finder/webApps had HTTP Error: 403, The caller does not have permission
[debug] [2025-09-29T03:40:16.164Z] FirebaseError: Request to https://firebase.googleapis.com/v1beta1/projects/heavenkeys-chords-finder/webApps had HTTP Error: 403, The caller does not have permission
    at responseToError (C:\Users\micha\AppData\Roaming\npm\node_modules\firebase-tools\lib\responseToError.js:52:12)
    at RetryOperation._fn (C:\Users\micha\AppData\Roaming\npm\node_modules\firebase-tools\lib\apiv2.js:312:77)
    at process.processTicksAndRejections (node:internal/process/task_queues:105:5)
[error] 
[error] Error: Failed to create Web app for project heavenkeys-chords-finder. See firebase-debug.log for more info.
